<?xml version="1.0" encoding="UTF-8"?>
<!-- Generated by org.testng.reporters.JUnitXMLReporter -->
<testsuite ignored="0" hostname="LAPTOP-QHMIOBC5" failures="0" tests="4" name="Test2" time="2.24" errors="0" timestamp="2024-01-21T12:54:55 IST">
  <testcase classname="hrm_EPS_ParallelTests.Class2Test" name="clickOnAdmin" time="0.0">
    <skipped/>
  </testcase> <!-- clickOnAdmin -->
  <testcase classname="hrm_EPS_ParallelTests.Class2Test" name="clickOnLeave" time="0.0">
    <skipped/>
  </testcase> <!-- clickOnLeave -->
  <testcase classname="hrm_EPS_ParallelTests.Class2Test" name="clickOnTime" time="0.0">
    <skipped/>
  </testcase> <!-- clickOnTime -->
  <testcase classname="hrm_EPS_ParallelTests.Class2Test" name="pim" time="0.0">
    <skipped/>
  </testcase> <!-- pim -->
</testsuite> <!-- Test2 -->
